<?xml version="1.0" encoding="UTF-8"?>
<!-- Generated by org.testng.reporters.JUnitReportReporter -->
<testsuite skipped="0" hostname="DESKTOP-SKO4EKV" name="api_pkg.APITestAdv" tests="3" failures="0" timestamp="2019-12-31T15:25:21 IST" time="1.997" errors="0">
  <testcase name="GetTest" time="1.105" classname="api_pkg.APITestAdv"/>
  <testcase name="TestUnmarshall" time="0.596" classname="api_pkg.APITestAdv"/>
  <testcase name="TestUnmarshallGeneric" time="0.296" classname="api_pkg.APITestAdv"/>
</testsuite> <!-- api_pkg.APITestAdv -->
