<?xml version="1.0" encoding="UTF-8"?>
<!-- Generated by org.testng.reporters.JUnitReportReporter -->
<testsuite skipped="0" hostname="DESKTOP-SKO4EKV" name="api_pkg.APITestAdv" tests="1" failures="0" timestamp="2019-11-25T15:51:32 IST" time="1.092" errors="0">
  <testcase name="TestUnmarshallGeneric" time="1.092" classname="api_pkg.APITestAdv"/>
</testsuite> <!-- api_pkg.APITestAdv -->
